<?xml version="1.0" encoding="UTF-8"?>
<testsuite xmlns:xsi="http://www.w3.org/2001/XMLSchema-instance" xsi:noNamespaceSchemaLocation="https://maven.apache.org/surefire/maven-surefire-plugin/xsd/surefire-test-report.xsd" name="com.interpreter.lox.BaseTests" time="0.321" tests="1" errors="0" skipped="0" failures="1">
  <properties>
    <property name="java.specification.version" value="17"/>
    <property name="sun.jnu.encoding" value="UTF-8"/>
    <property name="java.class.path" value="/home/dluman/cmpsc201/lox-complete/interpreter/target/test-classes:/home/dluman/cmpsc201/lox-complete/interpreter/target/classes:/home/dluman/.m2/repository/org/junit/jupiter/junit-jupiter-params/5.10.0/junit-jupiter-params-5.10.0.jar:/home/dluman/.m2/repository/org/apiguardian/apiguardian-api/1.1.2/apiguardian-api-1.1.2.jar:/home/dluman/.m2/repository/org/junit/jupiter/junit-jupiter-api/5.10.0/junit-jupiter-api-5.10.0.jar:/home/dluman/.m2/repository/org/opentest4j/opentest4j/1.3.0/opentest4j-1.3.0.jar:/home/dluman/.m2/repository/org/junit/platform/junit-platform-commons/1.10.0/junit-platform-commons-1.10.0.jar:/home/dluman/.m2/repository/org/junit/jupiter/junit-jupiter-engine/5.10.0/junit-jupiter-engine-5.10.0.jar:/home/dluman/.m2/repository/org/junit/platform/junit-platform-engine/1.10.0/junit-platform-engine-1.10.0.jar:/home/dluman/.m2/repository/org/hamcrest/hamcrest/2.2/hamcrest-2.2.jar:/home/dluman/cmpsc201/lox-complete/interpreter/interpreter/src/test/java/com/interpreter/lox/*Tests.java:"/>
    <property name="java.vm.vendor" value="Debian"/>
    <property name="sun.arch.data.model" value="64"/>
    <property name="java.vendor.url" value="https://tracker.debian.org/openjdk-17"/>
    <property name="os.name" value="Linux"/>
    <property name="java.vm.specification.version" value="17"/>
    <property name="sun.java.launcher" value="SUN_STANDARD"/>
    <property name="user.country" value="US"/>
    <property name="sun.boot.library.path" value="/usr/lib/jvm/java-17-openjdk-amd64/lib"/>
    <property name="sun.java.command" value="/home/dluman/cmpsc201/lox-complete/interpreter/target/surefire/surefirebooter13448168142829428330.jar /home/dluman/cmpsc201/lox-complete/interpreter/target/surefire 2024-04-01T19-19-35_076-jvmRun1 surefire2480724158743897591tmp surefire_04487060466415973100tmp"/>
    <property name="jdk.debug" value="release"/>
    <property name="test" value="BaseTests#testMultipleInherit"/>
    <property name="surefire.test.class.path" value="/home/dluman/cmpsc201/lox-complete/interpreter/target/test-classes:/home/dluman/cmpsc201/lox-complete/interpreter/target/classes:/home/dluman/.m2/repository/org/junit/jupiter/junit-jupiter-params/5.10.0/junit-jupiter-params-5.10.0.jar:/home/dluman/.m2/repository/org/apiguardian/apiguardian-api/1.1.2/apiguardian-api-1.1.2.jar:/home/dluman/.m2/repository/org/junit/jupiter/junit-jupiter-api/5.10.0/junit-jupiter-api-5.10.0.jar:/home/dluman/.m2/repository/org/opentest4j/opentest4j/1.3.0/opentest4j-1.3.0.jar:/home/dluman/.m2/repository/org/junit/platform/junit-platform-commons/1.10.0/junit-platform-commons-1.10.0.jar:/home/dluman/.m2/repository/org/junit/jupiter/junit-jupiter-engine/5.10.0/junit-jupiter-engine-5.10.0.jar:/home/dluman/.m2/repository/org/junit/platform/junit-platform-engine/1.10.0/junit-platform-engine-1.10.0.jar:/home/dluman/.m2/repository/org/hamcrest/hamcrest/2.2/hamcrest-2.2.jar:/home/dluman/cmpsc201/lox-complete/interpreter/interpreter/src/test/java/com/interpreter/lox/*Tests.java:"/>
    <property name="sun.cpu.endian" value="little"/>
    <property name="user.home" value="/home/dluman"/>
    <property name="user.language" value="en"/>
    <property name="java.specification.vendor" value="Oracle Corporation"/>
    <property name="java.version.date" value="2024-01-16"/>
    <property name="java.home" value="/usr/lib/jvm/java-17-openjdk-amd64"/>
    <property name="file.separator" value="/"/>
    <property name="basedir" value="/home/dluman/cmpsc201/lox-complete/interpreter"/>
    <property name="java.vm.compressedOopsMode" value="32-bit"/>
    <property name="line.separator" value="&#10;"/>
    <property name="java.vm.specification.vendor" value="Oracle Corporation"/>
    <property name="java.specification.name" value="Java Platform API Specification"/>
    <property name="surefire.real.class.path" value="/home/dluman/cmpsc201/lox-complete/interpreter/target/surefire/surefirebooter13448168142829428330.jar"/>
    <property name="sun.management.compiler" value="HotSpot 64-Bit Tiered Compilers"/>
    <property name="java.runtime.version" value="17.0.10+7-Debian-1deb12u1"/>
    <property name="user.name" value="dluman"/>
    <property name="path.separator" value=":"/>
    <property name="os.version" value="6.6.13-00891-g1af58030b5c8"/>
    <property name="java.runtime.name" value="OpenJDK Runtime Environment"/>
    <property name="file.encoding" value="UTF-8"/>
    <property name="java.vm.name" value="OpenJDK 64-Bit Server VM"/>
    <property name="localRepository" value="/home/dluman/.m2/repository"/>
    <property name="java.vendor.url.bug" value="https://bugs.debian.org/openjdk-17"/>
    <property name="java.io.tmpdir" value="/tmp"/>
    <property name="java.version" value="17.0.10"/>
    <property name="user.dir" value="/home/dluman/cmpsc201/lox-complete/interpreter/interpreter/src"/>
    <property name="os.arch" value="amd64"/>
    <property name="java.vm.specification.name" value="Java Virtual Machine Specification"/>
    <property name="native.encoding" value="UTF-8"/>
    <property name="java.library.path" value="/usr/java/packages/lib:/usr/lib/x86_64-linux-gnu/jni:/lib/x86_64-linux-gnu:/usr/lib/x86_64-linux-gnu:/usr/lib/jni:/lib:/usr/lib"/>
    <property name="java.vm.info" value="mixed mode, sharing"/>
    <property name="java.vendor" value="Debian"/>
    <property name="java.vm.version" value="17.0.10+7-Debian-1deb12u1"/>
    <property name="sun.io.unicode.encoding" value="UnicodeLittle"/>
    <property name="java.class.version" value="61.0"/>
  </properties>
  <testcase name="testMultipleInherit{String[]}[1]" classname="com.interpreter.lox.BaseTests" time="0.186">
    <failure message="&#10;Expected: a string matching the pattern &apos;Cooked perch$|Cooked halibut$|Cooked boot$&apos;&#10;     but: was &quot;&quot;" type="java.lang.AssertionError">java.lang.AssertionError: 

Expected: a string matching the pattern 'Cooked perch$|Cooked halibut$|Cooked boot$'
     but: was ""
	at com.interpreter.lox.BaseTests.testMultipleInherit(BaseTests.java:61)
</failure>
  </testcase>
</testsuite>